<?xml version="1.0" encoding="UTF-8"?>
<!-- Generated by org.testng.reporters.JUnitReportReporter -->
<testsuite hostname="Prathap-PC" name="TestNgFlowBySir.Class1" tests="1" failures="0" timestamp="25 Sep 2018 17:51:31 GMT" time="0.010" errors="0">
  <testcase name="testInClassOne" time="0.010" classname="TestNgFlowBySir.Class1"/>
</testsuite> <!-- TestNgFlowBySir.Class1 -->
