<?xml version="1.0" encoding="UTF-8"?>
<!-- Generated by org.testng.reporters.JUnitReportReporter -->
<testsuite hostname="Prathap-PC" name="testng.TestClassOne" tests="2" failures="0" timestamp="19 Sep 2018 19:38:39 GMT" time="0.012" errors="0">
  <testcase name="testTwoInClassOne" time="0.004" classname="testng.TestClassOne"/>
  <testcase name="testOneInClassOne" time="0.008" classname="testng.TestClassOne"/>
</testsuite> <!-- testng.TestClassOne -->
