<?xml version="1.0" encoding="UTF-8"?>
<!-- Generated by org.testng.reporters.JUnitReportReporter -->
<testsuite hostname="Prathap-PC" name="testngone.DataProviderInSameCls" tests="3" failures="0" timestamp="30 Sep 2018 12:20:12 GMT" time="35.835" errors="0">
  <testcase name="search" time="16.638" classname="testngone.DataProviderInSameCls"/>
  <testcase name="search" time="9.765" classname="testngone.DataProviderInSameCls"/>
  <testcase name="search" time="9.432" classname="testngone.DataProviderInSameCls"/>
</testsuite> <!-- testngone.DataProviderInSameCls -->
