<?xml version="1.0" encoding="UTF-8"?>
<!-- Generated by org.testng.reporters.JUnitReportReporter -->
<testsuite hostname="Prathap-PC" name="testng.TestClassTwo" tests="1" failures="0" timestamp="19 Sep 2018 19:38:39 GMT" time="0.009" errors="0">
  <testcase name="testMethodOneInClassTwo" time="0.009" classname="testng.TestClassTwo"/>
</testsuite> <!-- testng.TestClassTwo -->
