<?xml version="1.0" encoding="UTF-8"?>
<!-- Generated by org.testng.reporters.JUnitReportReporter -->
<testsuite hostname="Prathap-PC" name="testngone.DataProviderInAnotherClassTwo" tests="3" failures="0" timestamp="22 Sep 2018 15:06:49 GMT" time="29.001" errors="0">
  <testcase name="search" time="10.290" classname="testngone.DataProviderInAnotherClassTwo"/>
  <testcase name="search" time="9.359" classname="testngone.DataProviderInAnotherClassTwo"/>
  <testcase name="search" time="9.352" classname="testngone.DataProviderInAnotherClassTwo"/>
</testsuite> <!-- testngone.DataProviderInAnotherClassTwo -->
