<?xml version="1.0" encoding="UTF-8"?>
<!-- Generated by org.testng.reporters.JUnitReportReporter -->
<testsuite hostname="Prathap-PC" name="testngone.GoogleTitleTestByXmlSuite" tests="3" failures="0" timestamp="10 Oct 2018 08:22:20 GMT" time="142.579" errors="0">
  <testcase name="search" time="49.277" classname="testngone.GoogleTitleTestByXmlSuite"/>
  <testcase name="search" time="48.074" classname="testngone.GoogleTitleTestByXmlSuite"/>
  <testcase name="search" time="45.228" classname="testngone.GoogleTitleTestByXmlSuite"/>
</testsuite> <!-- testngone.GoogleTitleTestByXmlSuite -->
