<?xml version="1.0" encoding="UTF-8"?>
<!-- Generated by org.testng.reporters.JUnitReportReporter -->
<testsuite hostname="Prathap-PC" name="seleniumgrid.GridOne" tests="1" failures="0" timestamp="13 Oct 2018 08:50:16 GMT" time="2.717" errors="0">
  <testcase name="testGooglePageTitleInIEBrowser" time="2.717" classname="seleniumgrid.GridOne"/>
</testsuite> <!-- seleniumgrid.GridOne -->
