<?xml version="1.0" encoding="UTF-8"?>
<!-- Generated by org.testng.reporters.JUnitReportReporter -->
<testsuite hostname="Prathap-PC" name="TestNgFlowBySir.Class4" tests="1" failures="0" timestamp="30 Sep 2018 12:24:20 GMT" time="0.003" errors="0">
  <testcase name="testMethodOne" time="0.003" classname="TestNgFlowBySir.Class4"/>
</testsuite> <!-- TestNgFlowBySir.Class4 -->
