<?xml version="1.0" encoding="UTF-8"?>
<!-- Generated by org.testng.reporters.JUnitReportReporter -->
<testsuite hostname="Prathap-PC" name="TestNgFlowBySir.Class3" tests="1" failures="0" timestamp="30 Sep 2018 12:24:20 GMT" time="0.009" errors="0">
  <testcase name="test" time="0.009" classname="TestNgFlowBySir.Class3"/>
</testsuite> <!-- TestNgFlowBySir.Class3 -->
