<?xml version="1.0" encoding="UTF-8"?>
<!-- Generated by org.testng.reporters.JUnitReportReporter -->
<testsuite hostname="Prathap-PC" name="seleniumgrid.GridTwo" tests="1" failures="0" timestamp="16 Oct 2018 06:58:41 GMT" time="17.381" errors="0">
  <testcase name="test" time="17.381" classname="seleniumgrid.GridTwo"/>
</testsuite> <!-- seleniumgrid.GridTwo -->
