<?xml version="1.0" encoding="UTF-8"?>
<!-- Generated by org.testng.reporters.JUnitReportReporter -->
<testsuite hostname="Prathap-PC" name="testngtwo.YahooTitleTest" tests="1" failures="0" timestamp="1 Oct 2018 06:54:01 GMT" time="21.853" errors="0">
  <testcase name="search" time="21.853" classname="testngtwo.YahooTitleTest"/>
</testsuite> <!-- testngtwo.YahooTitleTest -->
