<?xml version="1.0" encoding="UTF-8"?>
<!-- Generated by org.testng.reporters.JUnitReportReporter -->
<testsuite hostname="Prathap-PC" name="testngone.DataProviderInSameCls" tests="3" failures="0" timestamp="25 Sep 2018 16:36:04 GMT" time="73.555" errors="0">
  <testcase name="search" time="31.897" classname="testngone.DataProviderInSameCls"/>
  <testcase name="search" time="30.647" classname="testngone.DataProviderInSameCls"/>
  <testcase name="search" time="11.011" classname="testngone.DataProviderInSameCls"/>
</testsuite> <!-- testngone.DataProviderInSameCls -->
