<?xml version="1.0" encoding="UTF-8"?>
<!-- Generated by org.testng.reporters.JUnitReportReporter -->
<testsuite hostname="Prathap-PC" name="testngone.GoogleTitleTestByXmlSuite" tests="3" failures="0" timestamp="30 Sep 2018 12:54:20 GMT" time="30.783" errors="0">
  <testcase name="search" time="9.116" classname="testngone.GoogleTitleTestByXmlSuite"/>
  <testcase name="search" time="9.281" classname="testngone.GoogleTitleTestByXmlSuite"/>
  <testcase name="search" time="12.386" classname="testngone.GoogleTitleTestByXmlSuite"/>
</testsuite> <!-- testngone.GoogleTitleTestByXmlSuite -->
